<?xml version="1.0" encoding="UTF-8"?>
<testng-results ignored="0" total="1" passed="1" failed="0" skipped="0">
  <reporter-output>
  </reporter-output>
  <suite started-at="2022-03-16T17:27:25 BRT" name="All Test Suite" finished-at="2022-03-16T17:27:26 BRT" duration-ms="274">
    <groups>
      <group name="cucumber">
        <method signature="AbstractTestNGCucumberTests.runScenario(io.cucumber.testng.PickleWrapper,io.cucumber.testng.FeatureWrapper)[pri:0, instance:runners.RunCucumber@4d826d77]" name="runScenario" class="io.cucumber.testng.AbstractTestNGCucumberTests"/>
      </group> <!-- cucumber -->
    </groups>
    <test started-at="2022-03-16T17:27:25 BRT" name="/Users/ggiraud/Documents/estudos/cucumber" finished-at="2022-03-16T17:27:26 BRT" duration-ms="274">
      <class name="runners.RunCucumber">
        <test-method is-config="true" signature="setUpClass()[pri:0, instance:runners.RunCucumber@4d826d77]" started-at="2022-03-16T17:27:25 BRT" name="setUpClass" finished-at="2022-03-16T17:27:26 BRT" duration-ms="158" status="PASS">
          <reporter-output>
          </reporter-output>
        </test-method> <!-- setUpClass -->
        <test-method signature="runScenario(io.cucumber.testng.PickleWrapper,io.cucumber.testng.FeatureWrapper)[pri:0, instance:runners.RunCucumber@4d826d77]" started-at="2022-03-16T17:27:26 BRT" name="runScenario" description="Runs Cucumber Scenarios" data-provider="scenarios" finished-at="2022-03-16T17:27:26 BRT" duration-ms="89" status="PASS">
          <params>
            <param index="0">
              <value>
                <![CDATA["User should be able to login with valid credentials"]]>
              </value>
            </param>
            <param index="1">
              <value>
                <![CDATA["Optional[Web login]"]]>
              </value>
            </param>
          </params>
          <reporter-output>
          </reporter-output>
        </test-method> <!-- runScenario -->
        <test-method is-config="true" signature="tearDownClass()[pri:0, instance:runners.RunCucumber@4d826d77]" started-at="2022-03-16T17:27:26 BRT" name="tearDownClass" finished-at="2022-03-16T17:27:26 BRT" duration-ms="6" status="PASS">
          <reporter-output>
          </reporter-output>
        </test-method> <!-- tearDownClass -->
      </class> <!-- runners.RunCucumber -->
    </test> <!-- /Users/ggiraud/Documents/estudos/cucumber -->
  </suite> <!-- All Test Suite -->
</testng-results>
