<?xml version="1.0" encoding="UTF-8"?>
<testsuite xmlns:xsi="http://www.w3.org/2001/XMLSchema-instance" xsi:noNamespaceSchemaLocation="https://maven.apache.org/surefire/maven-surefire-plugin/xsd/surefire-test-report-3.0.xsd" version="3.0" name="TestSuite" time="0.953" tests="1" errors="0" skipped="0" failures="0">
  <properties>
[...]
</properties>
  <testcase name="runScenario[&quot;User should be able to login with valid credentials&quot;, &quot;Optional[Web login]&quot;](1)" classname="runners.RunCucumber" time="0.09">
    <system-out><![CDATA[The user is on
Entered your name
Clicked on submmit
you are on
]]></system-out>
  </testcase>
</testsuite>